2021-10-20 14:42:37,550 DEBUG [main] BookRunner:15 - URL Opened
2021-10-20 14:42:38,855 DEBUG [main] cache:45 - Couldn't find template in cache for "Extent.ftl"("en_US", UTF-8, parsed); will try to load it.
2021-10-20 14:42:38,861 DEBUG [main] cache:45 - TemplateLoader.findTemplateSource("Extent_en_US.ftl"): Not found
2021-10-20 14:42:38,867 DEBUG [main] cache:45 - TemplateLoader.findTemplateSource("Extent_en.ftl"): Not found
2021-10-20 14:42:38,873 DEBUG [main] cache:45 - TemplateLoader.findTemplateSource("Extent.ftl"): Found
2021-10-20 14:42:38,876 DEBUG [main] cache:45 - Loading template for "Extent.ftl"("en_US", UTF-8, parsed) from "jar:file:/C:/Users/M1074035/.m2/repository/com/relevantcodes/extentreports/2.41.2/extentreports-2.41.2.jar!/com/relevantcodes/extentreports/view/Extent.ftl"
2021-10-20 14:42:39,852 DEBUG [main] BookRunner:15 - Page opend with title India's Best Online Store | Free Shipping | eLocalshop
2021-10-20 14:42:40,393 DEBUG [main] cache:45 - Couldn't find template in cache for "Extent.ftl"("en_US", UTF-8, parsed); will try to load it.
2021-10-20 14:42:40,394 DEBUG [main] cache:45 - TemplateLoader.findTemplateSource("Extent_en_US.ftl"): Not found
2021-10-20 14:42:40,395 DEBUG [main] cache:45 - TemplateLoader.findTemplateSource("Extent_en.ftl"): Not found
2021-10-20 14:42:40,396 DEBUG [main] cache:45 - TemplateLoader.findTemplateSource("Extent.ftl"): Found
2021-10-20 14:42:40,396 DEBUG [main] cache:45 - Loading template for "Extent.ftl"("en_US", UTF-8, parsed) from "jar:file:/C:/Users/M1074035/.m2/repository/com/relevantcodes/extentreports/2.41.2/extentreports-2.41.2.jar!/com/relevantcodes/extentreports/view/Extent.ftl"
2021-10-20 14:42:49,382 DEBUG [main] BookRunner:15 - Hindi Book is clicked in page Home page
2021-10-20 14:42:50,524 DEBUG [main] BookRunner:15 - More Authors is clicked in page Home page
2021-10-20 14:42:55,567 DEBUG [main] BookRunner:15 - English is clicked in page Hindi Books Page
2021-10-20 14:43:17,457 DEBUG [main] BookRunner:15 - Book Name is clicked in page Hindi Books Page
2021-10-20 14:43:20,783 DEBUG [main] BookRunner:15 - Add To Cart is clicked in page Cart Page
2021-10-20 14:43:23,962 DEBUG [main] cache:45 - Couldn't find template in cache for "Extent.ftl"("en_US", UTF-8, parsed); will try to load it.
2021-10-20 14:43:23,964 DEBUG [main] cache:45 - TemplateLoader.findTemplateSource("Extent_en_US.ftl"): Not found
2021-10-20 14:43:23,966 DEBUG [main] cache:45 - TemplateLoader.findTemplateSource("Extent_en.ftl"): Not found
2021-10-20 14:43:23,969 DEBUG [main] cache:45 - TemplateLoader.findTemplateSource("Extent.ftl"): Found
2021-10-20 14:43:23,970 DEBUG [main] cache:45 - Loading template for "Extent.ftl"("en_US", UTF-8, parsed) from "jar:file:/C:/Users/M1074035/.m2/repository/com/relevantcodes/extentreports/2.41.2/extentreports-2.41.2.jar!/com/relevantcodes/extentreports/view/Extent.ftl"
2021-10-20 14:43:40,969 DEBUG [main] BookRunner:15 - Books Combo is clicked in page Home Page
2021-10-20 14:43:44,134 DEBUG [main] BookRunner:15 - Author is clicked in page Books Combo page
2021-10-20 14:43:53,155 DEBUG [main] BookRunner:15 - Author is clicked in page Books Combo page
2021-10-20 14:44:26,109 DEBUG [main] BookRunner:15 - The Lost Symbol, Inferno & Origin (Set of 3 Dan Brown Combo Hardcover Edition) is clicked in page Books Combo page
2021-10-20 14:44:28,205 DEBUG [main] BookRunner:15 - Add To Cart is clicked in page Cart Page
2021-10-20 14:44:31,352 DEBUG [main] cache:45 - Couldn't find template in cache for "Extent.ftl"("en_US", UTF-8, parsed); will try to load it.
2021-10-20 14:44:31,353 DEBUG [main] cache:45 - TemplateLoader.findTemplateSource("Extent_en_US.ftl"): Not found
2021-10-20 14:44:31,354 DEBUG [main] cache:45 - TemplateLoader.findTemplateSource("Extent_en.ftl"): Not found
2021-10-20 14:44:31,354 DEBUG [main] cache:45 - TemplateLoader.findTemplateSource("Extent.ftl"): Found
2021-10-20 14:44:31,355 DEBUG [main] cache:45 - Loading template for "Extent.ftl"("en_US", UTF-8, parsed) from "jar:file:/C:/Users/M1074035/.m2/repository/com/relevantcodes/extentreports/2.41.2/extentreports-2.41.2.jar!/com/relevantcodes/extentreports/view/Extent.ftl"
2021-10-20 14:44:33,151 ERROR [main] BookRunner:21 - Search Box can't send in page Home Page
2021-10-20 14:44:33,969 ERROR [main] BookRunner:21 - Mobile Cover is not able clicked in page Home Page
