2021-10-19 18:09:08,963 DEBUG [main] BookRunner:15 - Page opend with title India's Best Online Store | Free Shipping | eLocalshop
2021-10-19 18:09:15,277 DEBUG [main] BookRunner:15 - Hindi Book is clicked in page Home page
2021-10-19 18:09:15,773 DEBUG [main] BookRunner:15 - More Authors is clicked in page Home page
2021-10-19 18:09:17,784 DEBUG [main] BookRunner:15 - English is clicked in page Hindi Books Page
2021-10-19 18:09:34,305 DEBUG [main] BookRunner:15 - Book Name is clicked in page Hindi Books Page
2021-10-19 18:09:37,105 DEBUG [main] BookRunner:15 - Add To Cart is clicked in page Cart Page
2021-10-19 18:09:53,796 DEBUG [main] BookRunner:15 - Books Combo is clicked in page Home Page
2021-10-19 18:09:56,405 DEBUG [main] BookRunner:15 - Author is clicked in page Books Combo page
2021-10-19 18:10:01,821 DEBUG [main] BookRunner:15 - Author is clicked in page Books Combo page
2021-10-19 18:10:16,116 DEBUG [main] BookRunner:15 - The Lost Symbol, Inferno & Origin (Set of 3 Dan Brown Combo Hardcover Edition) is clicked in page Books Combo page
2021-10-19 18:10:17,876 DEBUG [main] BookRunner:15 - Add To Cart is clicked in page Cart Page
2021-10-19 18:10:26,829 DEBUG [main] BookRunner:15 - Search Box is send in page Home Page
2021-10-19 18:10:32,458 DEBUG [main] BookRunner:15 - Search Button is clicked in page Home Page
2021-10-19 18:10:43,576 DEBUG [main] BookRunner:15 - Wings of Fire is clicked in page Search Page
2021-10-19 18:10:46,352 DEBUG [main] BookRunner:15 - Add To Cart is clicked in page Cart Page
2021-10-19 18:10:56,259 DEBUG [main] BookRunner:15 - Mobile Cover is clicked in page Home Page
2021-10-19 18:11:02,684 DEBUG [main] BookRunner:15 - Apple is clicked in page Mobile Cover
2021-10-19 18:11:08,010 DEBUG [main] BookRunner:15 - iPhone 11 is clicked in page Model Page
2021-10-19 18:11:17,018 DEBUG [main] BookRunner:15 - Korean Love Sign iPhone 11 Back Cover is clicked in page Cover Page
2021-10-19 18:11:18,689 DEBUG [main] BookRunner:15 - Add To Cart is clicked in page Cart Page
2021-10-19 18:11:20,951 DEBUG [main] cache:45 - Couldn't find template in cache for "Extent.ftl"("en_US", UTF-8, parsed); will try to load it.
2021-10-19 18:11:20,952 DEBUG [main] cache:45 - TemplateLoader.findTemplateSource("Extent_en_US.ftl"): Not found
2021-10-19 18:11:20,953 DEBUG [main] cache:45 - TemplateLoader.findTemplateSource("Extent_en.ftl"): Not found
2021-10-19 18:11:20,953 DEBUG [main] cache:45 - TemplateLoader.findTemplateSource("Extent.ftl"): Found
2021-10-19 18:11:20,954 DEBUG [main] cache:45 - Loading template for "Extent.ftl"("en_US", UTF-8, parsed) from "jar:file:/C:/Users/M1074035/.m2/repository/com/relevantcodes/extentreports/2.41.2/extentreports-2.41.2.jar!/com/relevantcodes/extentreports/view/Extent.ftl"
